# JRE version: Java(TM) SE Runtime Environment (8.0_66-b18) (build 1.8.0_66-b18)
# Java VM: Java HotSpot(TM) 64-Bit Server VM (25.66-b18 mixed mode windows-amd64 compressed oops)
Heap:
 PSYoungGen      total 137216K, used 61297K [0x00000000eab00000, 0x00000000f6c80000, 0x0000000100000000)
  eden space 124416K, 49% used [0x00000000eab00000,0x00000000ee6dc620,0x00000000f2480000)
  from space 12800K, 0% used [0x00000000f2480000,0x00000000f2480000,0x00000000f3100000)
  to   space 12288K, 0% used [0x00000000f6080000,0x00000000f6080000,0x00000000f6c80000)
 ParOldGen       total 92160K, used 18914K [0x00000000c0000000, 0x00000000c5a00000, 0x00000000eab00000)
  object space 92160K, 20% used [0x00000000c0000000,0x00000000c1278bd8,0x00000000c5a00000)
 Metaspace       used 38673K, capacity 39586K, committed 39808K, reserved 1083392K
  class space    used 5202K, capacity 5438K, committed 5504K, reserved 1048576K
GC Heap History (10 events):
Event: 9.080 GC heap before
{Heap before GC invocations=9 (full 1):
 PSYoungGen      total 62976K, used 53456K [0x00000000eab00000, 0x00000000f1780000, 0x0000000100000000)
  eden space 51712K, 100% used [0x00000000eab00000,0x00000000edd80000,0x00000000edd80000)
  from space 11264K, 15% used [0x00000000edd80000,0x00000000edf34030,0x00000000ee880000)
  to   space 10752K, 0% used [0x00000000f0d00000,0x00000000f0d00000,0x00000000f1780000)
 ParOldGen       total 60416K, used 7682K [0x00000000c0000000, 0x00000000c3b00000, 0x00000000eab00000)
  object space 60416K, 12% used [0x00000000c0000000,0x00000000c0780ae8,0x00000000c3b00000)
 Metaspace       used 21133K, capacity 21524K, committed 21632K, reserved 1069056K
  class space    used 2757K, capacity 2886K, committed 2944K, reserved 1048576K
Event: 9.085 GC heap after
Heap after GC invocations=9 (full 1):
 PSYoungGen      total 100352K, used 2160K [0x00000000eab00000, 0x00000000f1800000, 0x0000000100000000)
  eden space 89600K, 0% used [0x00000000eab00000,0x00000000eab00000,0x00000000f0280000)
  from space 10752K, 20% used [0x00000000f0d00000,0x00000000f0f1c030,0x00000000f1780000)
  to   space 10752K, 0% used [0x00000000f0280000,0x00000000f0280000,0x00000000f0d00000)
 ParOldGen       total 60416K, used 7682K [0x00000000c0000000, 0x00000000c3b00000, 0x00000000eab00000)
  object space 60416K, 12% used [0x00000000c0000000,0x00000000c0780ae8,0x00000000c3b00000)
 Metaspace       used 21133K, capacity 21524K, committed 21632K, reserved 1069056K
  class space    used 2757K, capacity 2886K, committed 2944K, reserved 1048576K
}
Event: 12.442 GC heap before
{Heap before GC invocations=10 (full 1):
 PSYoungGen      total 100352K, used 91760K [0x00000000eab00000, 0x00000000f1800000, 0x0000000100000000)
  eden space 89600K, 100% used [0x00000000eab00000,0x00000000f0280000,0x00000000f0280000)
  from space 10752K, 20% used [0x00000000f0d00000,0x00000000f0f1c030,0x00000000f1780000)
  to   space 10752K, 0% used [0x00000000f0280000,0x00000000f0280000,0x00000000f0d00000)
 ParOldGen       total 60416K, used 7682K [0x00000000c0000000, 0x00000000c3b00000, 0x00000000eab00000)
  object space 60416K, 12% used [0x00000000c0000000,0x00000000c0780ae8,0x00000000c3b00000)
 Metaspace       used 25484K, capacity 26068K, committed 26368K, reserved 1073152K
  class space    used 3385K, capacity 3537K, committed 3584K, reserved 1048576K
Event: 12.462 GC heap after
Heap after GC invocations=10 (full 1):
 PSYoungGen      total 100352K, used 8372K [0x00000000eab00000, 0x00000000f3e80000, 0x0000000100000000)
  eden space 89600K, 0% used [0x00000000eab00000,0x00000000eab00000,0x00000000f0280000)
  from space 10752K, 77% used [0x00000000f0280000,0x00000000f0aad338,0x00000000f0d00000)
  to   space 11776K, 0% used [0x00000000f3300000,0x00000000f3300000,0x00000000f3e80000)
 ParOldGen       total 60416K, used 8066K [0x00000000c0000000, 0x00000000c3b00000, 0x00000000eab00000)
  object space 60416K, 13% used [0x00000000c0000000,0x00000000c07e0b18,0x00000000c3b00000)
 Metaspace       used 25484K, capacity 26068K, committed 26368K, reserved 1073152K
  class space    used 3385K, capacity 3537K, committed 3584K, reserved 1048576K
}
Event: 19.018 GC heap before
{Heap before GC invocations=11 (full 1):
 PSYoungGen      total 100352K, used 97972K [0x00000000eab00000, 0x00000000f3e80000, 0x0000000100000000)
  eden space 89600K, 100% used [0x00000000eab00000,0x00000000f0280000,0x00000000f0280000)
  from space 10752K, 77% used [0x00000000f0280000,0x00000000f0aad338,0x00000000f0d00000)
  to   space 11776K, 0% used [0x00000000f3300000,0x00000000f3300000,0x00000000f3e80000)
 ParOldGen       total 60416K, used 8066K [0x00000000c0000000, 0x00000000c3b00000, 0x00000000eab00000)
  object space 60416K, 13% used [0x00000000c0000000,0x00000000c07e0b18,0x00000000c3b00000)
 Metaspace       used 30586K, capacity 31172K, committed 31488K, reserved 1077248K
  class space    used 4077K, capacity 4230K, committed 4352K, reserved 1048576K
Event: 19.030 GC heap after
Heap after GC invocations=11 (full 1):
 PSYoungGen      total 135168K, used 10192K [0x00000000eab00000, 0x00000000f3d80000, 0x0000000100000000)
  eden space 124416K, 0% used [0x00000000eab00000,0x00000000eab00000,0x00000000f2480000)
  from space 10752K, 94% used [0x00000000f3300000,0x00000000f3cf41e8,0x00000000f3d80000)
  to   space 12800K, 0% used [0x00000000f2480000,0x00000000f2480000,0x00000000f3100000)
 ParOldGen       total 60416K, used 8378K [0x00000000c0000000, 0x00000000c3b00000, 0x00000000eab00000)
  object space 60416K, 13% used [0x00000000c0000000,0x00000000c082eb28,0x00000000c3b00000)
 Metaspace       used 30586K, capacity 31172K, committed 31488K, reserved 1077248K
  class space    used 4077K, capacity 4230K, committed 4352K, reserved 1048576K
}
Event: 20.406 GC heap before
{Heap before GC invocations=12 (full 1):
 PSYoungGen      total 135168K, used 83121K [0x00000000eab00000, 0x00000000f3d80000, 0x0000000100000000)
  eden space 124416K, 58% used [0x00000000eab00000,0x00000000ef238500,0x00000000f2480000)
  from space 10752K, 94% used [0x00000000f3300000,0x00000000f3cf41e8,0x00000000f3d80000)
  to   space 12800K, 0% used [0x00000000f2480000,0x00000000f2480000,0x00000000f3100000)
 ParOldGen       total 60416K, used 8378K [0x00000000c0000000, 0x00000000c3b00000, 0x00000000eab00000)
  object space 60416K, 13% used [0x00000000c0000000,0x00000000c082eb28,0x00000000c3b00000)
 Metaspace       used 34801K, capacity 35416K, committed 35496K, reserved 1079296K
  class space    used 4636K, capacity 4859K, committed 4864K, reserved 1048576K
Event: 20.429 GC heap after
Heap after GC invocations=12 (full 1):
 PSYoungGen      total 137216K, used 5863K [0x00000000eab00000, 0x00000000f6c80000, 0x0000000100000000)
  eden space 124416K, 0% used [0x00000000eab00000,0x00000000eab00000,0x00000000f2480000)
  from space 12800K, 45% used [0x00000000f2480000,0x00000000f2a39f60,0x00000000f3100000)
  to   space 12288K, 0% used [0x00000000f6080000,0x00000000f6080000,0x00000000f6c80000)
 ParOldGen       total 60416K, used 14775K [0x00000000c0000000, 0x00000000c3b00000, 0x00000000eab00000)
  object space 60416K, 24% used [0x00000000c0000000,0x00000000c0e6dfb8,0x00000000c3b00000)
 Metaspace       used 34801K, capacity 35416K, committed 35496K, reserved 1079296K
  class space    used 4636K, capacity 4859K, committed 4864K, reserved 1048576K
}
Event: 20.429 GC heap before
{Heap before GC invocations=13 (full 2):
 PSYoungGen      total 137216K, used 5863K [0x00000000eab00000, 0x00000000f6c80000, 0x0000000100000000)
  eden space 124416K, 0% used [0x00000000eab00000,0x00000000eab00000,0x00000000f2480000)
  from space 12800K, 45% used [0x00000000f2480000,0x00000000f2a39f60,0x00000000f3100000)
  to   space 12288K, 0% used [0x00000000f6080000,0x00000000f6080000,0x00000000f6c80000)
 ParOldGen       total 60416K, used 14775K [0x00000000c0000000, 0x00000000c3b00000, 0x00000000eab00000)
  object space 60416K, 24% used [0x00000000c0000000,0x00000000c0e6dfb8,0x00000000c3b00000)
 Metaspace       used 34801K, capacity 35416K, committed 35496K, reserved 1079296K
  class space    used 4636K, capacity 4859K, committed 4864K, reserved 1048576K
Event: 20.564 GC heap after
Heap after GC invocations=13 (full 2):
 PSYoungGen      total 137216K, used 0K [0x00000000eab00000, 0x00000000f6c80000, 0x0000000100000000)
  eden space 124416K, 0% used [0x00000000eab00000,0x00000000eab00000,0x00000000f2480000)
  from space 12800K, 0% used [0x00000000f2480000,0x00000000f2480000,0x00000000f3100000)
  to   space 12288K, 0% used [0x00000000f6080000,0x00000000f6080000,0x00000000f6c80000)
 ParOldGen       total 92160K, used 18914K [0x00000000c0000000, 0x00000000c5a00000, 0x00000000eab00000)
  object space 92160K, 20% used [0x00000000c0000000,0x00000000c1278bd8,0x00000000c5a00000)
 Metaspace       used 34782K, capacity 35394K, committed 35496K, reserved 1079296K
  class space    used 4630K, capacity 4853K, committed 4864K, reserved 1048576K
}

